  237  tail -n +2 2012-sat-results.csv | wc -l > metadata.txt 
  238  head -1 2012-sat-results.csv  >> metadata.txt 
  239  head -n 1 2012-sat-results.csv | tr ';' '\n' | wc -l >> metadata.txt 
  240  awk -F ';' 'NR>1 && $3 != "" && $3 != "s" {if(min=="") min=max=$3; else {if($3<min) min=$3; if($3>max) max=$3}} END {print "Range: "min"-"max}' 2012-sat-results.csv >> metadata.txt 
  241  awk -F ';' 'NR>1 && $4 != "" && $4 != "s" {if(min=="") min=max=$4; else {if($4<min) min=$4; if($4>max) max=$4}} END {print "Range: "min"-"max}' 2012-sat-results.csv >> metadata.txt 
  242  awk -F ';' 'NR>1 && $5 != "" && $5 != "s" {if(min=="") min=max=$5; else {if($5<min) min=$5; if($5>max) max=$5}} END {print "Range: "min"-"max}' 2012-sat-results.csv >> metadata.txt 
  237  awk -F';' 'NR>1 && NF>1 && tolower($NF) !~ /^[[:space:]]*s[[:space:]]*$/ {if(min=="") min=max=$NF; else {if($NF<min) min=$NF; if($NF>max) max=$NF}} END {print "Range: " min"-" max }' 2012-sat-results.csv >> metadata.txt 
  237  nano metadata.txt 
  237  awk -F';' '{ sum=$4+$5+$6; if (sum > max) { max=sum; academy=$2; col4=$4; col5=$5; col6=$6 }} END{ print "Academy:", academy, "has the highest sum of columns 4-6, which is", col4 "+" col5 "+" col6  }' 2012-sat-results.csv > nontrivial.txt 
  238  awk -F';' 'NR>1 && $3~/^[0-9]+$/{if($3>max){max=$3; academy=$2}} END{print "Academy:", academy, "has the highest value in column 3, which is", max}' 2012-sat-results.csv >> nontrivial.txt 
  239  awk -F';' 'NR>1 && $3~/^[0-9]+$/{if(min==""){min=$3; academy=$2} else if($3<min){min=$3; academy=$2}} END{print "Academy:", academy, "has the lowest value in column 3, which is", min}' 2012-sat-results.csv >> nontrivial.txt 
  240  awk -F ';' 'NR>1 && $4~/^[0-9]+$/{if($4>max){max=$4; academy=$2}} END{print "Academy:", academy, "has the highest value in column 4, which is", max}' 2012-sat-results.csv >> nontrivial.txt 
  241  awk -F';' 'NR>1 && $4~/^[0-9]+$/{if(min==""){min=$4; academy=$2} else if($4<min){min=$4; academy=$2}} END{print "Academy:", academy, "has the lowest value in column 4, which is", min}' 2012-sat-results.csv >> nontrivial.txt 
  242  awk -F ';' 'NR>1 && $5~/^[0-9]+$/{if($5>max){max=$5; academy=$2}} END{print "Academy:", academy, "has the highest value in column 5, which is", max}' 2012-sat-results.csv >> nontrivial.txt 
  243  awk -F';' 'NR>1 && $5~/^[0-9]+$/{if(min==""){min=$5; academy=$2} else if($5<min){min=$5; academy=$2}} END{print "Academy:", academy, "has the lowest value in column 5, which is", min}' 2012-sat-results.csv >> nontrivial.txt 
  237  awk -F';' 'NR>1 && $6!~/^[[:space:]]*$/ && $6+0==$6{if($6>max){max=$6; academy=$2}} END{print "Academy:", academy, "has the highest value in column 6, which is", max}' 2012-sat-results.csv >> nontrivial.txt 
  238  awk -F';' 'NR>1 && $6!~/^[[:space:]]*$/ && $6+0==$6{if(min==""){min=$6}; if($6<min){min=$6; academy=$2}} END{print "Academy:", academy, "has the lowest value in column 6, which is", min}' 2012-sat-results.csv >> nontrivial.txt 
  237  awk -F';' 'NR>1 && $3+0==$3{sum+=$3; count++} END{print "Average of number of test takers is:", sum/count}' 2012-sat-results.csv >> nontrivial.txt 
  238  awk -F';' 'NR>1 && $4+0==$4{sum+=$4; count++} END{print "Average of column 4 is:", sum/count}' 2012-sat-results.csv >> nontrivial.txt 
  239  awk -F';' 'NR>1 && $6+0==$6{sum+=$6; count++} END{print "Average of column 6 is:", sum/count}' 2012-sat-results.csv >> nontrivial.txt 
  237  awk -F';' 'NR>1 && $5+0==$5{sum+=$5; count++} END{print "Average of column 5 is:", sum/count}' 2012-sat-results.csv >> nontrivial.txt 
  237  awk -F';' 'NR>1 && $4+0==$4 && $5+0==$5 && $6+0==$6 {score=$4+$5+$6; range=int(score/100)*100; counts[range]++} END {for (range in counts) {print range"-"range+99, counts[range]}}' 2012-sat-results.csv > score_ranges.txt
  238  awk -F';' '{sum=0; for(i=4;i<=6;i++) if($i~/^[0-9.]+$/) sum+=$i; if(sum>0) print sum}' 2012-sat-results.csv > scatter.txt
  237  touch bar.gnu
  238  nano bar.gnu 
  239  touch scatter.gnu
  241  nano scatter.gnu 
  242  history >> cmds.log 
  237  ~/gnuplot scatter.gnu
  238  ~/gnuplot bar.gnu 
  239  history >> cmds.log
